c:\users\admin\documents\visual studio 2015\projects\programming_anim\programming_anim\trainingframework\debug-amd\vc140.pdb
c:\users\admin\documents\visual studio 2015\projects\programming_anim\programming_anim\trainingframework\debug-amd\vc140.idb
c:\users\admin\documents\visual studio 2015\projects\programming_anim\programming_anim\trainingframework\debug-amd\application.obj
c:\users\admin\documents\visual studio 2015\projects\programming_anim\programming_anim\trainingframework\debug-amd\resourcemanagers.obj
c:\users\admin\documents\visual studio 2015\projects\programming_anim\programming_anim\trainingframework\debug-amd\font.obj
c:\users\admin\documents\visual studio 2015\projects\programming_anim\programming_anim\trainingframework\debug-amd\gamebutton.obj
c:\users\admin\documents\visual studio 2015\projects\programming_anim\programming_anim\trainingframework\debug-amd\sprite2d.obj
c:\users\admin\documents\visual studio 2015\projects\programming_anim\programming_anim\trainingframework\debug-amd\camera.obj
c:\users\admin\documents\visual studio 2015\projects\programming_anim\programming_anim\trainingframework\debug-amd\sprite3d.obj
c:\users\admin\documents\visual studio 2015\projects\programming_anim\programming_anim\trainingframework\debug-amd\models.obj
c:\users\admin\documents\visual studio 2015\projects\programming_anim\programming_anim\trainingframework\debug-amd\shaders.obj
c:\users\admin\documents\visual studio 2015\projects\programming_anim\programming_anim\trainingframework\debug-amd\spriteanimation.obj
c:\users\admin\documents\visual studio 2015\projects\programming_anim\programming_anim\trainingframework\debug-amd\text.obj
c:\users\admin\documents\visual studio 2015\projects\programming_anim\programming_anim\trainingframework\debug-amd\texture.obj
c:\users\admin\documents\visual studio 2015\projects\programming_anim\programming_anim\trainingframework\debug-amd\gamestatebase.obj
c:\users\admin\documents\visual studio 2015\projects\programming_anim\programming_anim\trainingframework\debug-amd\gamestatemachine.obj
c:\users\admin\documents\visual studio 2015\projects\programming_anim\programming_anim\trainingframework\debug-amd\gsintro.obj
c:\users\admin\documents\visual studio 2015\projects\programming_anim\programming_anim\trainingframework\debug-amd\gsmenu.obj
c:\users\admin\documents\visual studio 2015\projects\programming_anim\programming_anim\trainingframework\debug-amd\gsoption.obj
c:\users\admin\documents\visual studio 2015\projects\programming_anim\programming_anim\trainingframework\debug-amd\gsplay.obj
c:\users\admin\documents\visual studio 2015\projects\programming_anim\programming_anim\trainingframework\debug-amd\trainingframework.obj
c:\users\admin\documents\visual studio 2015\projects\programming_anim\programming_anim\trainingframework\debug-amd\player.obj
c:\users\admin\documents\visual studio 2015\projects\programming_anim\programming_anim\trainingframework\debug-amd\bigenemy.obj
c:\users\admin\documents\visual studio 2015\projects\programming_anim\programming_anim\trainingframework\debug-amd\boss.obj
c:\users\admin\documents\visual studio 2015\projects\programming_anim\programming_anim\trainingframework\debug-amd\bullet.obj
c:\users\admin\documents\visual studio 2015\projects\programming_anim\programming_anim\trainingframework\debug-amd\enemyship.obj
c:\users\admin\documents\visual studio 2015\projects\programming_anim\programming_anim\trainingframework\debug-amd\mediumenemy.obj
c:\users\admin\documents\visual studio 2015\projects\programming_anim\programming_anim\trainingframework\debug-amd\power.obj
c:\users\admin\documents\visual studio 2015\projects\programming_anim\programming_anim\trainingframework\debug-amd\smallenemy.obj
c:\users\admin\documents\visual studio 2015\projects\programming_anim\programming_anim\trainingframework\debug-amd\gspause.obj
c:\users\admin\documents\visual studio 2015\projects\programming_anim\programming_anim\bin-amd\trainingframework.ilk
c:\users\admin\documents\visual studio 2015\projects\programming_anim\programming_anim\bin-amd\trainingframework.exe
c:\users\admin\documents\visual studio 2015\projects\programming_anim\programming_anim\bin-amd\trainingframework.pdb
c:\users\admin\documents\visual studio 2015\projects\programming_anim\programming_anim\trainingframework\debug-amd\trainingframework.vcxprojresolveassemblyreference.cache
c:\users\admin\documents\visual studio 2015\projects\programming_anim\programming_anim\\bin-amd\trainingframework.pdb
c:\users\admin\documents\visual studio 2015\projects\programming_anim\programming_anim\\bin-amd\trainingframework.exe
c:\users\admin\documents\visual studio 2015\projects\programming_anim\programming_anim\\bin-amd\trainingframework.ilk
c:\users\admin\documents\visual studio 2015\projects\programming_anim\programming_anim\trainingframework\debug-amd\training.fc024ec8.tlog\cl.command.1.tlog
c:\users\admin\documents\visual studio 2015\projects\programming_anim\programming_anim\trainingframework\debug-amd\training.fc024ec8.tlog\cl.read.1.tlog
c:\users\admin\documents\visual studio 2015\projects\programming_anim\programming_anim\trainingframework\debug-amd\training.fc024ec8.tlog\cl.write.1.tlog
c:\users\admin\documents\visual studio 2015\projects\programming_anim\programming_anim\trainingframework\debug-amd\training.fc024ec8.tlog\link.command.1.tlog
c:\users\admin\documents\visual studio 2015\projects\programming_anim\programming_anim\trainingframework\debug-amd\training.fc024ec8.tlog\link.read.1.tlog
c:\users\admin\documents\visual studio 2015\projects\programming_anim\programming_anim\trainingframework\debug-amd\training.fc024ec8.tlog\link.write.1.tlog
